<?xml version="1.0" encoding="UTF-8"?>
<testng-results skipped="0" failed="0" ignored="0" total="1" passed="1">
  <reporter-output>
    <line>
      <![CDATA[2020-08-02 13:40:06,547 INFO  commons.Logger - Pre-condition - Open Browser
]]>
    </line>
    <line>
      <![CDATA[2020-08-02 13:40:30,906 INFO  commons.Logger - Pre-condition - STEP 01: Open Login page
]]>
    </line>
    <line>
      <![CDATA[2020-08-02 13:40:32,364 INFO  commons.Logger - Pre-condition - STEP 02: Login with valid account
]]>
    </line>
    <line>
      <![CDATA[2020-08-02 13:40:32,380 INFO  commons.Logger - TC_01_New_Customer - STEP 01: Click to New Customer link
]]>
    </line>
    <line>
      <![CDATA[2020-08-02 13:40:32,386 INFO  commons.Logger - OS name = windows 10
]]>
    </line>
    <line>
      <![CDATA[2020-08-02 13:40:34,872 INFO  commons.Logger - ---------- QUIT BROWSER SUCCESS ----------
]]>
    </line>
  </reporter-output>
  <suite name="Suite" duration-ms="28774" started-at="2020-08-02T06:40:06Z" finished-at="2020-08-02T06:40:34Z">
    <groups>
    </groups>
    <test name="Run on IE" duration-ms="28774" started-at="2020-08-02T06:40:06Z" finished-at="2020-08-02T06:40:34Z">
      <class name="com.bankguru.login.Login_03_Dynamic_Page_Element_Json">
        <test-method status="PASS" signature="beforeClass(java.lang.String, java.lang.String, java.lang.String)[pri:0, instance:com.bankguru.login.Login_03_Dynamic_Page_Element_Json@10dba097]" name="beforeClass" is-config="true" duration-ms="26254" started-at="2020-08-02T06:40:06Z" finished-at="2020-08-02T06:40:32Z">
          <params>
            <param index="0">
              <value>
                <![CDATA[firefox]]>
              </value>
            </param>
            <param index="1">
              <value>
                <![CDATA[http://demo.guru99.com/v4/]]>
              </value>
            </param>
            <param index="2">
              <value>
                <![CDATA[.\src\test\java\com\data\json\NewCustomer.json]]>
              </value>
            </param>
          </params>
          <reporter-output>
            <line>
              <![CDATA[2020-08-02 13:40:06,547 INFO  commons.Logger - Pre-condition - Open Browser
]]>
            </line>
            <line>
              <![CDATA[2020-08-02 13:40:30,906 INFO  commons.Logger - Pre-condition - STEP 01: Open Login page
]]>
            </line>
            <line>
              <![CDATA[2020-08-02 13:40:32,364 INFO  commons.Logger - Pre-condition - STEP 02: Login with valid account
]]>
            </line>
          </reporter-output>
        </test-method> <!-- beforeClass -->
        <test-method status="PASS" signature="TC_01_New_Customer()[pri:0, instance:com.bankguru.login.Login_03_Dynamic_Page_Element_Json@10dba097]" name="TC_01_New_Customer" duration-ms="8" started-at="2020-08-02T06:40:32Z" finished-at="2020-08-02T06:40:32Z">
          <reporter-output>
            <line>
              <![CDATA[2020-08-02 13:40:32,380 INFO  commons.Logger - TC_01_New_Customer - STEP 01: Click to New Customer link
]]>
            </line>
          </reporter-output>
        </test-method> <!-- TC_01_New_Customer -->
        <test-method status="PASS" signature="afterClass()[pri:0, instance:com.bankguru.login.Login_03_Dynamic_Page_Element_Json@10dba097]" name="afterClass" is-config="true" duration-ms="2488" started-at="2020-08-02T06:40:32Z" finished-at="2020-08-02T06:40:34Z">
          <reporter-output>
            <line>
              <![CDATA[2020-08-02 13:40:32,386 INFO  commons.Logger - OS name = windows 10
]]>
            </line>
            <line>
              <![CDATA[2020-08-02 13:40:34,872 INFO  commons.Logger - ---------- QUIT BROWSER SUCCESS ----------
]]>
            </line>
          </reporter-output>
        </test-method> <!-- afterClass -->
      </class> <!-- com.bankguru.login.Login_03_Dynamic_Page_Element_Json -->
    </test> <!-- Run on IE -->
  </suite> <!-- Suite -->
</testng-results>
