<h2>Reporter output</h2><table><tr><td>2020-11-13 17:29:32,426 INFO  commons.Logger - ---------- Run on CHROME STARTED test class ----------
</td></tr>
<tr><td>2020-11-13 17:29:32,436 INFO  commons.Logger - Pre-condition - Open Browser
</td></tr>
<tr><td>2020-11-13 17:29:39,045 INFO  commons.Logger - Pre-condition - STEP 01: Open Login page
</td></tr>
<tr><td>2020-11-13 17:29:39,055 INFO  commons.Logger - ---------- Testcase_01_Sign_In_Successfully STARTED test case ----------
</td></tr>
<tr><td>2020-11-13 17:29:39,056 INFO  commons.Logger - Testcase_01_Sign_In_Successfully - STEP 01: Enter corect user name and password
</td></tr>
<tr><td>2020-11-13 17:29:39,433 INFO  commons.Logger - Testcase_01_Sign_In_Successfully - STEP 02: Click on [??ng Nh?p] button
</td></tr>
<tr><td>2020-11-13 17:29:39,576 INFO  commons.Logger - ---------- Testcase_01_Sign_In_Successfully SUCCESS test case ----------
</td></tr>
<tr><td><br></td></tr>
<tr><td>2020-11-13 17:29:46,211 INFO  commons.Logger - Pre-condition - STEP 01: Open Login page
</td></tr>
<tr><td>2020-11-13 17:29:46,214 INFO  commons.Logger - ---------- Testcase_02_Sign_In_Failed_Missing_All_Fields STARTED test case ----------
</td></tr>
<tr><td>2020-11-13 17:29:46,214 INFO  commons.Logger - Testcase_02_Sign_In_Failed_Missing_All_Fields - STEP 01: Click on [??ng Nh?p] button
</td></tr>
<tr><td>2020-11-13 17:29:46,350 INFO  commons.Logger - Testcase_02_Sign_In_Failed_Missing_All_Fields - VP: [Tr??ng thông tin b?t bu?c] error displays on User Name field
</td></tr>
<tr><td>2020-11-13 17:29:46,430 INFO  commons.Logger -  -------------------------- PASSED -------------------------- 
</td></tr>
<tr><td>2020-11-13 17:29:46,431 INFO  commons.Logger - Testcase_02_Sign_In_Failed_Missing_All_Fields - VP: [Tr??ng thông tin b?t bu?c] error displays on Password field
</td></tr>
<tr><td>2020-11-13 17:29:46,488 INFO  commons.Logger -  -------------------------- PASSED -------------------------- 
</td></tr>
<tr><td>2020-11-13 17:29:46,489 INFO  commons.Logger - ---------- Testcase_02_Sign_In_Failed_Missing_All_Fields SUCCESS test case ----------
</td></tr>
<tr><td><br></td></tr>
<tr><td>2020-11-13 17:29:53,051 INFO  commons.Logger - Pre-condition - STEP 01: Open Login page
</td></tr>
<tr><td>2020-11-13 17:29:53,052 INFO  commons.Logger - ---------- Testcase_03_Sign_In_Wrong_User_Name STARTED test case ----------
</td></tr>
<tr><td>2020-11-13 17:29:53,053 INFO  commons.Logger - Testcase_03_Sign_In_Wrong_User_Name - STEP 01: Input wrong User Name
</td></tr>
<tr><td>2020-11-13 17:29:53,231 INFO  commons.Logger - Testcase_03_Sign_In_Wrong_User_Name - STEP 02: Input Password
</td></tr>
<tr><td>2020-11-13 17:29:53,407 INFO  commons.Logger - Testcase_03_Sign_In_Wrong_User_Name - STEP 03: Click on [??ng Nh?p] button
</td></tr>
<tr><td>2020-11-13 17:29:53,513 INFO  commons.Logger - Testcase_03_Sign_In_Wrong_User_Name - VP: [The user credentials were incorrect.] error displays
</td></tr>
<tr><td>2020-11-13 17:29:54,444 INFO  commons.Logger -  -------------------------- FAILED -------------------------- 
</td></tr>
<tr><td>2020-11-13 17:29:54,446 INFO  commons.Logger - ---------- Testcase_03_Sign_In_Wrong_User_Name FAILED test case ----------
</td></tr>
<tr><td><br><a target="_blank" href="file:///D:\alpaca_automation\ReportNGScreenShots\Testcase_03_Sign_In_Wrong_User_Name_13_11_2020_05_29_54.png"><img src="file:///D:\alpaca_automation\ReportNGScreenShots\Testcase_03_Sign_In_Wrong_User_Name_13_11_2020_05_29_54.png" height='100' width='150'/> </a></br></td></tr>
<tr><td>2020-11-13 17:30:01,606 INFO  commons.Logger - Pre-condition - STEP 01: Open Login page
</td></tr>
<tr><td>2020-11-13 17:30:01,607 INFO  commons.Logger - ---------- Testcase_04_Sign_In_Wrong_Password STARTED test case ----------
</td></tr>
<tr><td>2020-11-13 17:30:01,607 INFO  commons.Logger - Testcase_04_Sign_In_Wrong_Password - STEP 01: Input User Name
</td></tr>
<tr><td>2020-11-13 17:30:01,791 INFO  commons.Logger - Testcase_04_Sign_In_Wrong_Password - STEP 02: Input Password
</td></tr>
<tr><td>2020-11-13 17:30:01,934 INFO  commons.Logger - Testcase_04_Sign_In_Wrong_Password - STEP 03: Click on [??ng Nh?p] button
</td></tr>
<tr><td>2020-11-13 17:30:02,034 INFO  commons.Logger - Testcase_04_Sign_In_Wrong_Password - VP: [The user credentials were incorrect.] error displays
</td></tr>
<tr><td>2020-11-13 17:30:02,899 INFO  commons.Logger -  -------------------------- FAILED -------------------------- 
</td></tr>
<tr><td>2020-11-13 17:30:02,901 INFO  commons.Logger - ---------- Testcase_04_Sign_In_Wrong_Password FAILED test case ----------
</td></tr>
<tr><td><br><a target="_blank" href="file:///D:\alpaca_automation\ReportNGScreenShots\Testcase_04_Sign_In_Wrong_Password_13_11_2020_05_30_02.png"><img src="file:///D:\alpaca_automation\ReportNGScreenShots\Testcase_04_Sign_In_Wrong_Password_13_11_2020_05_30_02.png" height='100' width='150'/> </a></br></td></tr>
<tr><td>2020-11-13 17:30:03,903 INFO  commons.Logger - Post-condition - Close Browser
</td></tr>
</table>